<?xml version="1.0" encoding="UTF-8"?>
<!-- Generated by org.testng.reporters.JUnitReportReporter -->
<testsuite hostname="Husna" failures="0" tests="1" name="TestScripts.Parallelwithmethods" time="0.010" errors="0" timestamp="2023-05-16T13:41:08 IST" skipped="0">
  <testcase classname="TestScripts.Parallelwithmethods" name="verify_a" time="0.010"/>
  <system-out/>
</testsuite> <!-- TestScripts.Parallelwithmethods -->
