<?xml version="1.0" encoding="UTF-8"?>
<!-- Generated by org.testng.reporters.JUnitReportReporter -->
<testsuite hostname="Husna" failures="0" tests="2" name="TestScripts.User" time="5.403" errors="0" timestamp="2023-05-15T13:31:16 IST" skipped="0">
  <testcase classname="TestScripts.User" name="verify_delete_user" time="2.792"/>
  <system-out/>
  <testcase classname="TestScripts.User" name="verify_create_user" time="2.611"/>
  <system-out/>
</testsuite> <!-- TestScripts.User -->
