<?xml version="1.0" encoding="UTF-8"?>
<!-- Generated by org.testng.reporters.JUnitReportReporter -->
<testsuite hostname="Husna" failures="0" tests="2" name="TestScripts.Dependsonmethod" time="2.025" errors="0" timestamp="2023-05-16T12:46:25 IST" skipped="0">
  <testcase classname="TestScripts.Dependsonmethod" name="verify_Add_cart" time="1.020"/>
  <system-out/>
  <testcase classname="TestScripts.Dependsonmethod" name="verify_amazon_payment" time="1.005"/>
  <system-out/>
</testsuite> <!-- TestScripts.Dependsonmethod -->
