<?xml version="1.0" encoding="UTF-8"?>
<!-- Generated by org.testng.reporters.JUnitReportReporter -->
<testsuite hostname="Husna" failures="0" tests="1" name="TestScripts.Parallelwithclass1" time="0.013" errors="0" timestamp="2023-05-16T13:42:00 IST" skipped="0">
  <testcase classname="TestScripts.Parallelwithclass1" name="verify_a" time="0.013"/>
  <system-out/>
</testsuite> <!-- TestScripts.Parallelwithclass1 -->
