<?xml version="1.0" encoding="UTF-8"?>
<!-- Generated by org.testng.reporters.JUnitReportReporter -->
<testsuite hostname="Husna" failures="0" tests="2" name="TestScripts.GroupExecution" time="0.011" errors="0" timestamp="2023-05-16T13:43:26 IST" skipped="0">
  <testcase classname="TestScripts.GroupExecution" name="verify_a" time="0.001"/>
  <system-out/>
  <testcase classname="TestScripts.GroupExecution" name="Verify_c" time="0.010"/>
  <system-out/>
</testsuite> <!-- TestScripts.GroupExecution -->
